## Starting benchmark

Acceptable variation: 1.001000
Measure window width: 128
Algorithm: arrays
## Running benchmark

Run 0    -- time is 53.5880 . In last 128  runs -- min 0.00    , max 53.59    -- var inf  
Run 1    -- time is 53.0810 . In last 128  runs -- min 0.00    , max 53.59    -- var inf  
Run 2    -- time is 53.0790 . In last 128  runs -- min 0.00    , max 53.59    -- var inf  
Run 3    -- time is 53.0800 . In last 128  runs -- min 0.00    , max 53.59    -- var inf  
Run 4    -- time is 53.0800 . In last 128  runs -- min 0.00    , max 53.59    -- var inf  
Run 5    -- time is 53.0820 . In last 128  runs -- min 0.00    , max 53.59    -- var inf  
Run 6    -- time is 53.0800 . In last 128  runs -- min 0.00    , max 53.59    -- var inf  
Run 7    -- time is 53.0810 . In last 128  runs -- min 0.00    , max 53.59    -- var inf  
Run 8    -- time is 53.0800 . In last 128  runs -- min 0.00    , max 53.59    -- var inf  
Run 9    -- time is 53.0800 . In last 128  runs -- min 0.00    , max 53.59    -- var inf  
Run 10   -- time is 53.0810 . In last 128  runs -- min 0.00    , max 53.59    -- var inf  
Run 11   -- time is 53.0800 . In last 128  runs -- min 0.00    , max 53.59    -- var inf  
Run 12   -- time is 53.0790 . In last 128  runs -- min 0.00    , max 53.59    -- var inf  
Run 13   -- time is 53.0800 . In last 128  runs -- min 0.00    , max 53.59    -- var inf  
Run 14   -- time is 53.0820 . In last 128  runs -- min 0.00    , max 53.59    -- var inf  
Run 15   -- time is 53.0810 . In last 128  runs -- min 0.00    , max 53.59    -- var inf  
Run 16   -- time is 53.0820 . In last 128  runs -- min 0.00    , max 53.59    -- var inf  
Run 17   -- time is 53.0880 . In last 128  runs -- min 0.00    , max 53.59    -- var inf  
Run 18   -- time is 53.0790 . In last 128  runs -- min 0.00    , max 53.59    -- var inf  
Run 19   -- time is 53.0790 . In last 128  runs -- min 0.00    , max 53.59    -- var inf  
Run 20   -- time is 53.0810 . In last 128  runs -- min 0.00    , max 53.59    -- var inf  
Run 21   -- time is 53.0800 . In last 128  runs -- min 0.00    , max 53.59    -- var inf  
Run 22   -- time is 53.0830 . In last 128  runs -- min 0.00    , max 53.59    -- var inf  
Run 23   -- time is 53.0810 . In last 128  runs -- min 0.00    , max 53.59    -- var inf  
Run 24   -- time is 53.0810 . In last 128  runs -- min 0.00    , max 53.59    -- var inf  
Run 25   -- time is 53.0760 . In last 128  runs -- min 0.00    , max 53.59    -- var inf  
Run 26   -- time is 53.0780 . In last 128  runs -- min 0.00    , max 53.59    -- var inf  
Run 27   -- time is 53.0770 . In last 128  runs -- min 0.00    , max 53.59    -- var inf  
Run 28   -- time is 53.0840 . In last 128  runs -- min 0.00    , max 53.59    -- var inf  
Run 29   -- time is 53.0780 . In last 128  runs -- min 0.00    , max 53.59    -- var inf  
Run 30   -- time is 53.0810 . In last 128  runs -- min 0.00    , max 53.59    -- var inf  
Run 31   -- time is 53.0780 . In last 128  runs -- min 0.00    , max 53.59    -- var inf  
Run 32   -- time is 53.0770 . In last 128  runs -- min 0.00    , max 53.59    -- var inf  
Run 33   -- time is 53.0780 . In last 128  runs -- min 0.00    , max 53.59    -- var inf  
Run 34   -- time is 53.0820 . In last 128  runs -- min 0.00    , max 53.59    -- var inf  
Run 35   -- time is 53.0840 . In last 128  runs -- min 0.00    , max 53.59    -- var inf  
Run 36   -- time is 53.0780 . In last 128  runs -- min 0.00    , max 53.59    -- var inf  
Run 37   -- time is 53.0780 . In last 128  runs -- min 0.00    , max 53.59    -- var inf  
Run 38   -- time is 53.0780 . In last 128  runs -- min 0.00    , max 53.59    -- var inf  
Run 39   -- time is 53.0840 . In last 128  runs -- min 0.00    , max 53.59    -- var inf  
Run 40   -- time is 53.0790 . In last 128  runs -- min 0.00    , max 53.59    -- var inf  
Run 41   -- time is 53.0810 . In last 128  runs -- min 0.00    , max 53.59    -- var inf  
Run 42   -- time is 53.0770 . In last 128  runs -- min 0.00    , max 53.59    -- var inf  
Run 43   -- time is 53.0790 . In last 128  runs -- min 0.00    , max 53.59    -- var inf  
Run 44   -- time is 53.0800 . In last 128  runs -- min 0.00    , max 53.59    -- var inf  
Run 45   -- time is 53.0830 . In last 128  runs -- min 0.00    , max 53.59    -- var inf  
Run 46   -- time is 53.0790 . In last 128  runs -- min 0.00    , max 53.59    -- var inf  
Run 47   -- time is 53.0800 . In last 128  runs -- min 0.00    , max 53.59    -- var inf  
Run 48   -- time is 53.0780 . In last 128  runs -- min 0.00    , max 53.59    -- var inf  
Run 49   -- time is 53.0790 . In last 128  runs -- min 0.00    , max 53.59    -- var inf  
Run 50   -- time is 53.0840 . In last 128  runs -- min 0.00    , max 53.59    -- var inf  
Run 51   -- time is 53.0790 . In last 128  runs -- min 0.00    , max 53.59    -- var inf  
Run 52   -- time is 53.0830 . In last 128  runs -- min 0.00    , max 53.59    -- var inf  
Run 53   -- time is 53.0810 . In last 128  runs -- min 0.00    , max 53.59    -- var inf  
Run 54   -- time is 53.0850 . In last 128  runs -- min 0.00    , max 53.59    -- var inf  
Run 55   -- time is 53.0800 . In last 128  runs -- min 0.00    , max 53.59    -- var inf  
Run 56   -- time is 53.0800 . In last 128  runs -- min 0.00    , max 53.59    -- var inf  
Run 57   -- time is 53.0790 . In last 128  runs -- min 0.00    , max 53.59    -- var inf  
Run 58   -- time is 53.0790 . In last 128  runs -- min 0.00    , max 53.59    -- var inf  
Run 59   -- time is 53.0760 . In last 128  runs -- min 0.00    , max 53.59    -- var inf  
Run 60   -- time is 53.0790 . In last 128  runs -- min 0.00    , max 53.59    -- var inf  
Run 61   -- time is 53.0810 . In last 128  runs -- min 0.00    , max 53.59    -- var inf  
Run 62   -- time is 53.0820 . In last 128  runs -- min 0.00    , max 53.59    -- var inf  
Run 63   -- time is 53.0790 . In last 128  runs -- min 0.00    , max 53.59    -- var inf  
Run 64   -- time is 53.0760 . In last 128  runs -- min 0.00    , max 53.59    -- var inf  
Run 65   -- time is 53.0750 . In last 128  runs -- min 0.00    , max 53.59    -- var inf  
Run 66   -- time is 53.0780 . In last 128  runs -- min 0.00    , max 53.59    -- var inf  
Run 67   -- time is 53.0800 . In last 128  runs -- min 0.00    , max 53.59    -- var inf  
Run 68   -- time is 53.0810 . In last 128  runs -- min 0.00    , max 53.59    -- var inf  
Run 69   -- time is 53.0810 . In last 128  runs -- min 0.00    , max 53.59    -- var inf  
Run 70   -- time is 53.0770 . In last 128  runs -- min 0.00    , max 53.59    -- var inf  
Run 71   -- time is 53.0800 . In last 128  runs -- min 0.00    , max 53.59    -- var inf  
Run 72   -- time is 53.0790 . In last 128  runs -- min 0.00    , max 53.59    -- var inf  
Run 73   -- time is 53.0870 . In last 128  runs -- min 0.00    , max 53.59    -- var inf  
Run 74   -- time is 53.0790 . In last 128  runs -- min 0.00    , max 53.59    -- var inf  
Run 75   -- time is 53.0800 . In last 128  runs -- min 0.00    , max 53.59    -- var inf  
Run 76   -- time is 53.0780 . In last 128  runs -- min 0.00    , max 53.59    -- var inf  
Run 77   -- time is 53.0810 . In last 128  runs -- min 0.00    , max 53.59    -- var inf  
Run 78   -- time is 53.0850 . In last 128  runs -- min 0.00    , max 53.59    -- var inf  
Run 79   -- time is 53.0780 . In last 128  runs -- min 0.00    , max 53.59    -- var inf  
Run 80   -- time is 53.0780 . In last 128  runs -- min 0.00    , max 53.59    -- var inf  
Run 81   -- time is 53.0780 . In last 128  runs -- min 0.00    , max 53.59    -- var inf  
Run 82   -- time is 53.0800 . In last 128  runs -- min 0.00    , max 53.59    -- var inf  
Run 83   -- time is 53.0790 . In last 128  runs -- min 0.00    , max 53.59    -- var inf  
Run 84   -- time is 53.0780 . In last 128  runs -- min 0.00    , max 53.59    -- var inf  
Run 85   -- time is 53.0760 . In last 128  runs -- min 0.00    , max 53.59    -- var inf  
Run 86   -- time is 53.0780 . In last 128  runs -- min 0.00    , max 53.59    -- var inf  
Run 87   -- time is 53.0790 . In last 128  runs -- min 0.00    , max 53.59    -- var inf  
Run 88   -- time is 53.0800 . In last 128  runs -- min 0.00    , max 53.59    -- var inf  
Run 89   -- time is 53.0800 . In last 128  runs -- min 0.00    , max 53.59    -- var inf  
Run 90   -- time is 53.0800 . In last 128  runs -- min 0.00    , max 53.59    -- var inf  
Run 91   -- time is 53.0790 . In last 128  runs -- min 0.00    , max 53.59    -- var inf  
Run 92   -- time is 53.0870 . In last 128  runs -- min 0.00    , max 53.59    -- var inf  
Run 93   -- time is 53.0810 . In last 128  runs -- min 0.00    , max 53.59    -- var inf  
Run 94   -- time is 53.0800 . In last 128  runs -- min 0.00    , max 53.59    -- var inf  
Run 95   -- time is 53.0790 . In last 128  runs -- min 0.00    , max 53.59    -- var inf  
Run 96   -- time is 53.0780 . In last 128  runs -- min 0.00    , max 53.59    -- var inf  
Run 97   -- time is 53.0770 . In last 128  runs -- min 0.00    , max 53.59    -- var inf  
Run 98   -- time is 53.0800 . In last 128  runs -- min 0.00    , max 53.59    -- var inf  
Run 99   -- time is 53.0820 . In last 128  runs -- min 0.00    , max 53.59    -- var inf  
Run 100  -- time is 53.0810 . In last 128  runs -- min 0.00    , max 53.59    -- var inf  
Run 101  -- time is 53.0780 . In last 128  runs -- min 0.00    , max 53.59    -- var inf  
Run 102  -- time is 53.0800 . In last 128  runs -- min 0.00    , max 53.59    -- var inf  
Run 103  -- time is 53.0820 . In last 128  runs -- min 0.00    , max 53.59    -- var inf  
Run 104  -- time is 53.0770 . In last 128  runs -- min 0.00    , max 53.59    -- var inf  
Run 105  -- time is 53.0790 . In last 128  runs -- min 0.00    , max 53.59    -- var inf  
Run 106  -- time is 53.0820 . In last 128  runs -- min 0.00    , max 53.59    -- var inf  
Run 107  -- time is 53.0810 . In last 128  runs -- min 0.00    , max 53.59    -- var inf  
Run 108  -- time is 53.0810 . In last 128  runs -- min 0.00    , max 53.59    -- var inf  
Run 109  -- time is 53.0810 . In last 128  runs -- min 0.00    , max 53.59    -- var inf  
Run 110  -- time is 53.0790 . In last 128  runs -- min 0.00    , max 53.59    -- var inf  
Run 111  -- time is 53.0880 . In last 128  runs -- min 0.00    , max 53.59    -- var inf  
Run 112  -- time is 53.0780 . In last 128  runs -- min 0.00    , max 53.59    -- var inf  
Run 113  -- time is 53.0770 . In last 128  runs -- min 0.00    , max 53.59    -- var inf  
Run 114  -- time is 53.0800 . In last 128  runs -- min 0.00    , max 53.59    -- var inf  
Run 115  -- time is 53.1340 . In last 128  runs -- min 0.00    , max 53.59    -- var inf  
Run 116  -- time is 53.0810 . In last 128  runs -- min 0.00    , max 53.59    -- var inf  
Run 117  -- time is 53.0800 . In last 128  runs -- min 0.00    , max 53.59    -- var inf  
Run 118  -- time is 53.0790 . In last 128  runs -- min 0.00    , max 53.59    -- var inf  
Run 119  -- time is 53.0780 . In last 128  runs -- min 0.00    , max 53.59    -- var inf  
Run 120  -- time is 53.0790 . In last 128  runs -- min 0.00    , max 53.59    -- var inf  
Run 121  -- time is 53.0810 . In last 128  runs -- min 0.00    , max 53.59    -- var inf  
Run 122  -- time is 53.0790 . In last 128  runs -- min 0.00    , max 53.59    -- var inf  
Run 123  -- time is 53.0780 . In last 128  runs -- min 0.00    , max 53.59    -- var inf  
Run 124  -- time is 53.0790 . In last 128  runs -- min 0.00    , max 53.59    -- var inf  
Run 125  -- time is 53.0780 . In last 128  runs -- min 0.00    , max 53.59    -- var inf  
Run 126  -- time is 53.0790 . In last 128  runs -- min 0.00    , max 53.59    -- var inf  
Run 127  -- time is 53.0820 . In last 128  runs -- min 53.08   , max 53.59    -- var 1.0097
Run 128  -- time is 53.0800 . In last 128  runs -- min 53.08   , max 53.13    -- var 1.0011
Run 129  -- time is 53.0880 . In last 128  runs -- min 53.08   , max 53.13    -- var 1.0011
Run 130  -- time is 53.0790 . In last 128  runs -- min 53.08   , max 53.13    -- var 1.0011
Run 131  -- time is 53.0770 . In last 128  runs -- min 53.08   , max 53.13    -- var 1.0011
Run 132  -- time is 53.0800 . In last 128  runs -- min 53.08   , max 53.13    -- var 1.0011
Run 133  -- time is 53.0780 . In last 128  runs -- min 53.08   , max 53.13    -- var 1.0011
Run 134  -- time is 53.0770 . In last 128  runs -- min 53.08   , max 53.13    -- var 1.0011
Run 135  -- time is 53.0870 . In last 128  runs -- min 53.08   , max 53.13    -- var 1.0011
Run 136  -- time is 53.0800 . In last 128  runs -- min 53.08   , max 53.13    -- var 1.0011
Run 137  -- time is 53.0800 . In last 128  runs -- min 53.08   , max 53.13    -- var 1.0011
Run 138  -- time is 53.0810 . In last 128  runs -- min 53.08   , max 53.13    -- var 1.0011
Run 139  -- time is 53.0790 . In last 128  runs -- min 53.08   , max 53.13    -- var 1.0011
Run 140  -- time is 53.0800 . In last 128  runs -- min 53.08   , max 53.13    -- var 1.0011
Run 141  -- time is 53.0800 . In last 128  runs -- min 53.08   , max 53.13    -- var 1.0011
Run 142  -- time is 53.0820 . In last 128  runs -- min 53.08   , max 53.13    -- var 1.0011
Run 143  -- time is 53.0780 . In last 128  runs -- min 53.08   , max 53.13    -- var 1.0011
Run 144  -- time is 53.0790 . In last 128  runs -- min 53.08   , max 53.13    -- var 1.0011
Run 145  -- time is 53.0770 . In last 128  runs -- min 53.08   , max 53.13    -- var 1.0011
Run 146  -- time is 53.0770 . In last 128  runs -- min 53.08   , max 53.13    -- var 1.0011
Run 147  -- time is 53.0770 . In last 128  runs -- min 53.08   , max 53.13    -- var 1.0011
Run 148  -- time is 53.0850 . In last 128  runs -- min 53.08   , max 53.13    -- var 1.0011
Run 149  -- time is 53.0790 . In last 128  runs -- min 53.08   , max 53.13    -- var 1.0011
Run 150  -- time is 53.0760 . In last 128  runs -- min 53.08   , max 53.13    -- var 1.0011
Run 151  -- time is 53.0790 . In last 128  runs -- min 53.08   , max 53.13    -- var 1.0011
Run 152  -- time is 53.0780 . In last 128  runs -- min 53.08   , max 53.13    -- var 1.0011
Run 153  -- time is 53.0790 . In last 128  runs -- min 53.08   , max 53.13    -- var 1.0011
Run 154  -- time is 53.0810 . In last 128  runs -- min 53.08   , max 53.13    -- var 1.0011
Run 155  -- time is 53.0790 . In last 128  runs -- min 53.08   , max 53.13    -- var 1.0011
Run 156  -- time is 53.0790 . In last 128  runs -- min 53.08   , max 53.13    -- var 1.0011
Run 157  -- time is 53.0800 . In last 128  runs -- min 53.08   , max 53.13    -- var 1.0011
Run 158  -- time is 53.0790 . In last 128  runs -- min 53.08   , max 53.13    -- var 1.0011
Run 159  -- time is 53.0780 . In last 128  runs -- min 53.08   , max 53.13    -- var 1.0011
Run 160  -- time is 53.0780 . In last 128  runs -- min 53.08   , max 53.13    -- var 1.0011
Run 161  -- time is 53.0780 . In last 128  runs -- min 53.08   , max 53.13    -- var 1.0011
Run 162  -- time is 53.0770 . In last 128  runs -- min 53.08   , max 53.13    -- var 1.0011
Run 163  -- time is 53.0790 . In last 128  runs -- min 53.08   , max 53.13    -- var 1.0011
Run 164  -- time is 53.0780 . In last 128  runs -- min 53.08   , max 53.13    -- var 1.0011
Run 165  -- time is 53.0830 . In last 128  runs -- min 53.08   , max 53.13    -- var 1.0011
Run 166  -- time is 53.0800 . In last 128  runs -- min 53.08   , max 53.13    -- var 1.0011
Run 167  -- time is 53.0860 . In last 128  runs -- min 53.08   , max 53.13    -- var 1.0011
Run 168  -- time is 53.0790 . In last 128  runs -- min 53.08   , max 53.13    -- var 1.0011
Run 169  -- time is 53.0780 . In last 128  runs -- min 53.08   , max 53.13    -- var 1.0011
Run 170  -- time is 53.0800 . In last 128  runs -- min 53.08   , max 53.13    -- var 1.0011
Run 171  -- time is 53.0770 . In last 128  runs -- min 53.08   , max 53.13    -- var 1.0011
Run 172  -- time is 53.0830 . In last 128  runs -- min 53.08   , max 53.13    -- var 1.0011
Run 173  -- time is 53.0790 . In last 128  runs -- min 53.08   , max 53.13    -- var 1.0011
Run 174  -- time is 53.0820 . In last 128  runs -- min 53.08   , max 53.13    -- var 1.0011
Run 175  -- time is 53.0780 . In last 128  runs -- min 53.08   , max 53.13    -- var 1.0011
Run 176  -- time is 53.0800 . In last 128  runs -- min 53.08   , max 53.13    -- var 1.0011
Run 177  -- time is 53.0780 . In last 128  runs -- min 53.08   , max 53.13    -- var 1.0011
Run 178  -- time is 53.0790 . In last 128  runs -- min 53.08   , max 53.13    -- var 1.0011
Run 179  -- time is 53.0810 . In last 128  runs -- min 53.08   , max 53.13    -- var 1.0011
Run 180  -- time is 53.0800 . In last 128  runs -- min 53.08   , max 53.13    -- var 1.0011
Run 181  -- time is 53.0800 . In last 128  runs -- min 53.08   , max 53.13    -- var 1.0011
Run 182  -- time is 53.0780 . In last 128  runs -- min 53.08   , max 53.13    -- var 1.0011
Run 183  -- time is 53.0800 . In last 128  runs -- min 53.08   , max 53.13    -- var 1.0011
Run 184  -- time is 53.0790 . In last 128  runs -- min 53.08   , max 53.13    -- var 1.0011
Run 185  -- time is 53.0800 . In last 128  runs -- min 53.08   , max 53.13    -- var 1.0011
Run 186  -- time is 53.0840 . In last 128  runs -- min 53.08   , max 53.13    -- var 1.0011
Run 187  -- time is 53.0750 . In last 128  runs -- min 53.08   , max 53.13    -- var 1.0011
Run 188  -- time is 53.0810 . In last 128  runs -- min 53.08   , max 53.13    -- var 1.0011
Run 189  -- time is 53.0790 . In last 128  runs -- min 53.08   , max 53.13    -- var 1.0011
Run 190  -- time is 53.0790 . In last 128  runs -- min 53.08   , max 53.13    -- var 1.0011
Run 191  -- time is 53.0820 . In last 128  runs -- min 53.08   , max 53.13    -- var 1.0011
Run 192  -- time is 53.0830 . In last 128  runs -- min 53.08   , max 53.13    -- var 1.0011
Run 193  -- time is 53.0790 . In last 128  runs -- min 53.08   , max 53.13    -- var 1.0011
Run 194  -- time is 53.0790 . In last 128  runs -- min 53.08   , max 53.13    -- var 1.0011
Run 195  -- time is 53.0800 . In last 128  runs -- min 53.08   , max 53.13    -- var 1.0011
Run 196  -- time is 53.0760 . In last 128  runs -- min 53.08   , max 53.13    -- var 1.0011
Run 197  -- time is 53.0750 . In last 128  runs -- min 53.08   , max 53.13    -- var 1.0011
Run 198  -- time is 53.0760 . In last 128  runs -- min 53.08   , max 53.13    -- var 1.0011
Run 199  -- time is 53.0780 . In last 128  runs -- min 53.08   , max 53.13    -- var 1.0011
Run 200  -- time is 53.0770 . In last 128  runs -- min 53.08   , max 53.13    -- var 1.0011
Run 201  -- time is 53.0790 . In last 128  runs -- min 53.08   , max 53.13    -- var 1.0011
Run 202  -- time is 53.0810 . In last 128  runs -- min 53.08   , max 53.13    -- var 1.0011
Run 203  -- time is 53.0800 . In last 128  runs -- min 53.08   , max 53.13    -- var 1.0011
Run 204  -- time is 53.0820 . In last 128  runs -- min 53.08   , max 53.13    -- var 1.0011
Run 205  -- time is 53.0870 . In last 128  runs -- min 53.08   , max 53.13    -- var 1.0011
Run 206  -- time is 53.0810 . In last 128  runs -- min 53.08   , max 53.13    -- var 1.0011
Run 207  -- time is 53.0790 . In last 128  runs -- min 53.08   , max 53.13    -- var 1.0011
Run 208  -- time is 53.0810 . In last 128  runs -- min 53.08   , max 53.13    -- var 1.0011
Run 209  -- time is 53.0780 . In last 128  runs -- min 53.08   , max 53.13    -- var 1.0011
Run 210  -- time is 53.0790 . In last 128  runs -- min 53.08   , max 53.13    -- var 1.0011
Run 211  -- time is 53.0800 . In last 128  runs -- min 53.08   , max 53.13    -- var 1.0011
Run 212  -- time is 53.0800 . In last 128  runs -- min 53.08   , max 53.13    -- var 1.0011
Run 213  -- time is 53.0790 . In last 128  runs -- min 53.08   , max 53.13    -- var 1.0011
Run 214  -- time is 53.0780 . In last 128  runs -- min 53.08   , max 53.13    -- var 1.0011
Run 215  -- time is 53.0800 . In last 128  runs -- min 53.08   , max 53.13    -- var 1.0011
Run 216  -- time is 53.0790 . In last 128  runs -- min 53.08   , max 53.13    -- var 1.0011
Run 217  -- time is 53.0790 . In last 128  runs -- min 53.08   , max 53.13    -- var 1.0011
Run 218  -- time is 53.0810 . In last 128  runs -- min 53.08   , max 53.13    -- var 1.0011
Run 219  -- time is 53.0780 . In last 128  runs -- min 53.08   , max 53.13    -- var 1.0011
Run 220  -- time is 53.0800 . In last 128  runs -- min 53.08   , max 53.13    -- var 1.0011
Run 221  -- time is 53.0780 . In last 128  runs -- min 53.08   , max 53.13    -- var 1.0011
Run 222  -- time is 53.0800 . In last 128  runs -- min 53.08   , max 53.13    -- var 1.0011
Run 223  -- time is 53.0870 . In last 128  runs -- min 53.08   , max 53.13    -- var 1.0011
Run 224  -- time is 53.0790 . In last 128  runs -- min 53.08   , max 53.13    -- var 1.0011
Run 225  -- time is 53.0780 . In last 128  runs -- min 53.08   , max 53.13    -- var 1.0011
Run 226  -- time is 53.0790 . In last 128  runs -- min 53.08   , max 53.13    -- var 1.0011
Run 227  -- time is 53.0790 . In last 128  runs -- min 53.08   , max 53.13    -- var 1.0011
Run 228  -- time is 53.0760 . In last 128  runs -- min 53.08   , max 53.13    -- var 1.0011
Run 229  -- time is 53.0820 . In last 128  runs -- min 53.08   , max 53.13    -- var 1.0011
Run 230  -- time is 53.0810 . In last 128  runs -- min 53.08   , max 53.13    -- var 1.0011
Run 231  -- time is 53.0830 . In last 128  runs -- min 53.08   , max 53.13    -- var 1.0011
Run 232  -- time is 53.0830 . In last 128  runs -- min 53.08   , max 53.13    -- var 1.0011
Run 233  -- time is 53.0820 . In last 128  runs -- min 53.08   , max 53.13    -- var 1.0011
Run 234  -- time is 53.0790 . In last 128  runs -- min 53.08   , max 53.13    -- var 1.0011
Run 235  -- time is 53.0790 . In last 128  runs -- min 53.08   , max 53.13    -- var 1.0011
Run 236  -- time is 53.0810 . In last 128  runs -- min 53.08   , max 53.13    -- var 1.0011
Run 237  -- time is 53.0800 . In last 128  runs -- min 53.08   , max 53.13    -- var 1.0011
Run 238  -- time is 53.0800 . In last 128  runs -- min 53.08   , max 53.13    -- var 1.0011
Run 239  -- time is 53.0800 . In last 128  runs -- min 53.08   , max 53.13    -- var 1.0011
Run 240  -- time is 53.0790 . In last 128  runs -- min 53.08   , max 53.13    -- var 1.0011
Run 241  -- time is 53.0810 . In last 128  runs -- min 53.08   , max 53.13    -- var 1.0011
Run 242  -- time is 53.0900 . In last 128  runs -- min 53.08   , max 53.13    -- var 1.0011
Run 243  -- time is 53.0780 . In last 128  runs -- min 53.08   , max 53.09    -- var 1.0003
The thing is stable enough


## Benchmark results:

Done 116 warmup runs and 128 measurment runs
Time avg 53.079796 ms, std dev 0.002455 ms
With ðœŽ (68% probability) time is 53.079796 Â± 0.002455 ms
With 3ðœŽ (99.73% probability) time is 53.079796 Â± 0.007365 ms
Warn: Run 2 has distance to center 3.340764ðœŽ
Warn: Run 115 has distance to center 4.156532ðœŽ
Have 2 outliers
Non-outlier runs are withn 2.934ðœŽ, outliers (>3ðœŽ) are withn 4.157ðœŽ
Warn: Some values are out 3ðœŽ, but there are a few of them

Distribution plot:
One tick = one std. dev = 0.002455 ms

                                                             #                                                                     
                                                             #                                                                     
                                                      #      #     #                                                               
                                                      #      #     #                                                               
                                                      #      #     #      #                                                        
                                                #     #      #     #      #     #                                                  
                                   #     #      #     #      #     #      #     #      #     #      #     #      #     #           
-+---------------+---------------+---------------+---------------+---------------+---------------+---------------+---------------+-> time
                                                                 | avg = 53.079796 ms