## Starting benchmark

Acceptable variation: 1.001000
Measure window width: 128
Algorithm: simple
## Running benchmark

Run 0    -- time is 361.1890. In last 128  runs -- min 0.00    , max 361.19   -- var inf  
Run 1    -- time is 360.6260. In last 128  runs -- min 0.00    , max 361.19   -- var inf  
Run 2    -- time is 360.6220. In last 128  runs -- min 0.00    , max 361.19   -- var inf  
Run 3    -- time is 360.6390. In last 128  runs -- min 0.00    , max 361.19   -- var inf  
Run 4    -- time is 360.6220. In last 128  runs -- min 0.00    , max 361.19   -- var inf  
Run 5    -- time is 360.6190. In last 128  runs -- min 0.00    , max 361.19   -- var inf  
Run 6    -- time is 360.5450. In last 128  runs -- min 0.00    , max 361.19   -- var inf  
Run 7    -- time is 360.6160. In last 128  runs -- min 0.00    , max 361.19   -- var inf  
Run 8    -- time is 360.6240. In last 128  runs -- min 0.00    , max 361.19   -- var inf  
Run 9    -- time is 360.6330. In last 128  runs -- min 0.00    , max 361.19   -- var inf  
Run 10   -- time is 360.6170. In last 128  runs -- min 0.00    , max 361.19   -- var inf  
Run 11   -- time is 360.6230. In last 128  runs -- min 0.00    , max 361.19   -- var inf  
Run 12   -- time is 360.6230. In last 128  runs -- min 0.00    , max 361.19   -- var inf  
Run 13   -- time is 360.6180. In last 128  runs -- min 0.00    , max 361.19   -- var inf  
Run 14   -- time is 360.5320. In last 128  runs -- min 0.00    , max 361.19   -- var inf  
Run 15   -- time is 360.6220. In last 128  runs -- min 0.00    , max 361.19   -- var inf  
Run 16   -- time is 360.6150. In last 128  runs -- min 0.00    , max 361.19   -- var inf  
Run 17   -- time is 360.6340. In last 128  runs -- min 0.00    , max 361.19   -- var inf  
Run 18   -- time is 360.6250. In last 128  runs -- min 0.00    , max 361.19   -- var inf  
Run 19   -- time is 360.6260. In last 128  runs -- min 0.00    , max 361.19   -- var inf  
Run 20   -- time is 360.6310. In last 128  runs -- min 0.00    , max 361.19   -- var inf  
Run 21   -- time is 360.6150. In last 128  runs -- min 0.00    , max 361.19   -- var inf  
Run 22   -- time is 360.6200. In last 128  runs -- min 0.00    , max 361.19   -- var inf  
Run 23   -- time is 360.6330. In last 128  runs -- min 0.00    , max 361.19   -- var inf  
Run 24   -- time is 360.6150. In last 128  runs -- min 0.00    , max 361.19   -- var inf  
Run 25   -- time is 360.6270. In last 128  runs -- min 0.00    , max 361.19   -- var inf  
Run 26   -- time is 360.6170. In last 128  runs -- min 0.00    , max 361.19   -- var inf  
Run 27   -- time is 360.6170. In last 128  runs -- min 0.00    , max 361.19   -- var inf  
Run 28   -- time is 360.6280. In last 128  runs -- min 0.00    , max 361.19   -- var inf  
Run 29   -- time is 360.6190. In last 128  runs -- min 0.00    , max 361.19   -- var inf  
Run 30   -- time is 360.6260. In last 128  runs -- min 0.00    , max 361.19   -- var inf  
Run 31   -- time is 360.5620. In last 128  runs -- min 0.00    , max 361.19   -- var inf  
Run 32   -- time is 360.6210. In last 128  runs -- min 0.00    , max 361.19   -- var inf  
Run 33   -- time is 360.6190. In last 128  runs -- min 0.00    , max 361.19   -- var inf  
Run 34   -- time is 360.6310. In last 128  runs -- min 0.00    , max 361.19   -- var inf  
Run 35   -- time is 360.6170. In last 128  runs -- min 0.00    , max 361.19   -- var inf  
Run 36   -- time is 360.6270. In last 128  runs -- min 0.00    , max 361.19   -- var inf  
Run 37   -- time is 360.6220. In last 128  runs -- min 0.00    , max 361.19   -- var inf  
Run 38   -- time is 360.6170. In last 128  runs -- min 0.00    , max 361.19   -- var inf  
Run 39   -- time is 360.6270. In last 128  runs -- min 0.00    , max 361.19   -- var inf  
Run 40   -- time is 360.6220. In last 128  runs -- min 0.00    , max 361.19   -- var inf  
Run 41   -- time is 360.6260. In last 128  runs -- min 0.00    , max 361.19   -- var inf  
Run 42   -- time is 360.6290. In last 128  runs -- min 0.00    , max 361.19   -- var inf  
Run 43   -- time is 360.6210. In last 128  runs -- min 0.00    , max 361.19   -- var inf  
Run 44   -- time is 360.6160. In last 128  runs -- min 0.00    , max 361.19   -- var inf  
Run 45   -- time is 360.6300. In last 128  runs -- min 0.00    , max 361.19   -- var inf  
Run 46   -- time is 360.6140. In last 128  runs -- min 0.00    , max 361.19   -- var inf  
Run 47   -- time is 360.6280. In last 128  runs -- min 0.00    , max 361.19   -- var inf  
Run 48   -- time is 360.6260. In last 128  runs -- min 0.00    , max 361.19   -- var inf  
Run 49   -- time is 360.6150. In last 128  runs -- min 0.00    , max 361.19   -- var inf  
Run 50   -- time is 360.5820. In last 128  runs -- min 0.00    , max 361.19   -- var inf  
Run 51   -- time is 360.6180. In last 128  runs -- min 0.00    , max 361.19   -- var inf  
Run 52   -- time is 360.6190. In last 128  runs -- min 0.00    , max 361.19   -- var inf  
Run 53   -- time is 360.6360. In last 128  runs -- min 0.00    , max 361.19   -- var inf  
Run 54   -- time is 360.6180. In last 128  runs -- min 0.00    , max 361.19   -- var inf  
Run 55   -- time is 360.6200. In last 128  runs -- min 0.00    , max 361.19   -- var inf  
Run 56   -- time is 360.6290. In last 128  runs -- min 0.00    , max 361.19   -- var inf  
Run 57   -- time is 360.6190. In last 128  runs -- min 0.00    , max 361.19   -- var inf  
Run 58   -- time is 360.5560. In last 128  runs -- min 0.00    , max 361.19   -- var inf  
Run 59   -- time is 360.6240. In last 128  runs -- min 0.00    , max 361.19   -- var inf  
Run 60   -- time is 360.6170. In last 128  runs -- min 0.00    , max 361.19   -- var inf  
Run 61   -- time is 360.6290. In last 128  runs -- min 0.00    , max 361.19   -- var inf  
Run 62   -- time is 360.6230. In last 128  runs -- min 0.00    , max 361.19   -- var inf  
Run 63   -- time is 360.6180. In last 128  runs -- min 0.00    , max 361.19   -- var inf  
Run 64   -- time is 360.6320. In last 128  runs -- min 0.00    , max 361.19   -- var inf  
Run 65   -- time is 360.6210. In last 128  runs -- min 0.00    , max 361.19   -- var inf  
Run 66   -- time is 360.6180. In last 128  runs -- min 0.00    , max 361.19   -- var inf  
Run 67   -- time is 360.6340. In last 128  runs -- min 0.00    , max 361.19   -- var inf  
Run 68   -- time is 360.6040. In last 128  runs -- min 0.00    , max 361.19   -- var inf  
Run 69   -- time is 360.6260. In last 128  runs -- min 0.00    , max 361.19   -- var inf  
Run 70   -- time is 360.6320. In last 128  runs -- min 0.00    , max 361.19   -- var inf  
Run 71   -- time is 360.6310. In last 128  runs -- min 0.00    , max 361.19   -- var inf  
Run 72   -- time is 360.6240. In last 128  runs -- min 0.00    , max 361.19   -- var inf  
Run 73   -- time is 360.6260. In last 128  runs -- min 0.00    , max 361.19   -- var inf  
Run 74   -- time is 360.6220. In last 128  runs -- min 0.00    , max 361.19   -- var inf  
Run 75   -- time is 360.6280. In last 128  runs -- min 0.00    , max 361.19   -- var inf  
Run 76   -- time is 360.6160. In last 128  runs -- min 0.00    , max 361.19   -- var inf  
Run 77   -- time is 360.6160. In last 128  runs -- min 0.00    , max 361.19   -- var inf  
Run 78   -- time is 360.6300. In last 128  runs -- min 0.00    , max 361.19   -- var inf  
Run 79   -- time is 360.6210. In last 128  runs -- min 0.00    , max 361.19   -- var inf  
Run 80   -- time is 360.6260. In last 128  runs -- min 0.00    , max 361.19   -- var inf  
Run 81   -- time is 360.5340. In last 128  runs -- min 0.00    , max 361.19   -- var inf  
Run 82   -- time is 360.6150. In last 128  runs -- min 0.00    , max 361.19   -- var inf  
Run 83   -- time is 360.6230. In last 128  runs -- min 0.00    , max 361.19   -- var inf  
Run 84   -- time is 360.6280. In last 128  runs -- min 0.00    , max 361.19   -- var inf  
Run 85   -- time is 360.6240. In last 128  runs -- min 0.00    , max 361.19   -- var inf  
Run 86   -- time is 360.6300. In last 128  runs -- min 0.00    , max 361.19   -- var inf  
Run 87   -- time is 360.6190. In last 128  runs -- min 0.00    , max 361.19   -- var inf  
Run 88   -- time is 360.6240. In last 128  runs -- min 0.00    , max 361.19   -- var inf  
Run 89   -- time is 360.6280. In last 128  runs -- min 0.00    , max 361.19   -- var inf  
Run 90   -- time is 360.6200. In last 128  runs -- min 0.00    , max 361.19   -- var inf  
Run 91   -- time is 360.6210. In last 128  runs -- min 0.00    , max 361.19   -- var inf  
Run 92   -- time is 360.6250. In last 128  runs -- min 0.00    , max 361.19   -- var inf  
Run 93   -- time is 360.6170. In last 128  runs -- min 0.00    , max 361.19   -- var inf  
Run 94   -- time is 360.6260. In last 128  runs -- min 0.00    , max 361.19   -- var inf  
Run 95   -- time is 360.6260. In last 128  runs -- min 0.00    , max 361.19   -- var inf  
Run 96   -- time is 360.6180. In last 128  runs -- min 0.00    , max 361.19   -- var inf  
Run 97   -- time is 360.6300. In last 128  runs -- min 0.00    , max 361.19   -- var inf  
Run 98   -- time is 360.6230. In last 128  runs -- min 0.00    , max 361.19   -- var inf  
Run 99   -- time is 360.6200. In last 128  runs -- min 0.00    , max 361.19   -- var inf  
Run 100  -- time is 360.5640. In last 128  runs -- min 0.00    , max 361.19   -- var inf  
Run 101  -- time is 360.6170. In last 128  runs -- min 0.00    , max 361.19   -- var inf  
Run 102  -- time is 360.6230. In last 128  runs -- min 0.00    , max 361.19   -- var inf  
Run 103  -- time is 360.6240. In last 128  runs -- min 0.00    , max 361.19   -- var inf  
Run 104  -- time is 360.6260. In last 128  runs -- min 0.00    , max 361.19   -- var inf  
Run 105  -- time is 360.6220. In last 128  runs -- min 0.00    , max 361.19   -- var inf  
Run 106  -- time is 360.6340. In last 128  runs -- min 0.00    , max 361.19   -- var inf  
Run 107  -- time is 360.6160. In last 128  runs -- min 0.00    , max 361.19   -- var inf  
Run 108  -- time is 360.6200. In last 128  runs -- min 0.00    , max 361.19   -- var inf  
Run 109  -- time is 360.6330. In last 128  runs -- min 0.00    , max 361.19   -- var inf  
Run 110  -- time is 360.6160. In last 128  runs -- min 0.00    , max 361.19   -- var inf  
Run 111  -- time is 360.6320. In last 128  runs -- min 0.00    , max 361.19   -- var inf  
Run 112  -- time is 360.6140. In last 128  runs -- min 0.00    , max 361.19   -- var inf  
Run 113  -- time is 360.6180. In last 128  runs -- min 0.00    , max 361.19   -- var inf  
Run 114  -- time is 360.6270. In last 128  runs -- min 0.00    , max 361.19   -- var inf  
Run 115  -- time is 360.6180. In last 128  runs -- min 0.00    , max 361.19   -- var inf  
Run 116  -- time is 360.6210. In last 128  runs -- min 0.00    , max 361.19   -- var inf  
Run 117  -- time is 360.6300. In last 128  runs -- min 0.00    , max 361.19   -- var inf  
Run 118  -- time is 360.6240. In last 128  runs -- min 0.00    , max 361.19   -- var inf  
Run 119  -- time is 360.5530. In last 128  runs -- min 0.00    , max 361.19   -- var inf  
Run 120  -- time is 360.6240. In last 128  runs -- min 0.00    , max 361.19   -- var inf  
Run 121  -- time is 360.6220. In last 128  runs -- min 0.00    , max 361.19   -- var inf  
Run 122  -- time is 360.6310. In last 128  runs -- min 0.00    , max 361.19   -- var inf  
Run 123  -- time is 360.6190. In last 128  runs -- min 0.00    , max 361.19   -- var inf  
Run 124  -- time is 360.6230. In last 128  runs -- min 0.00    , max 361.19   -- var inf  
Run 125  -- time is 360.6290. In last 128  runs -- min 0.00    , max 361.19   -- var inf  
Run 126  -- time is 360.6260. In last 128  runs -- min 0.00    , max 361.19   -- var inf  
Run 127  -- time is 360.6230. In last 128  runs -- min 360.53  , max 361.19   -- var 1.0018
Run 128  -- time is 360.6350. In last 128  runs -- min 360.53  , max 360.64   -- var 1.0003
The thing is stable enough


## Benchmark results:

Done 1 warmup runs and 128 measurment runs
Time avg 360.618927 ms, std dev 0.018271 ms
With ðœŽ (68% probability) time is 360.618927 Â± 0.018271 ms
With 3ðœŽ (99.73% probability) time is 360.618927 Â± 0.054812 ms
Warn: Run 7 has distance to center 4.045504ðœŽ
Warn: Run 15 has distance to center 4.758729ðœŽ
Warn: Run 32 has distance to center 3.115139ðœŽ
Warn: Run 59 has distance to center 3.444191ðœŽ
Warn: Run 82 has distance to center 4.646818ðœŽ
Warn: Run 101 has distance to center 3.006568ðœŽ
Warn: Run 120 has distance to center 3.607882ðœŽ
Have 7 outliers
Non-outlier runs are withn 2.021ðœŽ, outliers (>3ðœŽ) are withn 4.759ðœŽ
Err: > 5% of values are out of 3ðœŽ, measurement failed

Distribution plot:
One tick = one std. dev = 0.018271 ms

                                                                      #                                                            
                                                                      # #                                                          
                                                               #      # #                                                          
                                                               ####  ## #    #                                                     
                                                               ######## # # ##                                                     
                                                               ######## ########                                                   
        #  #    # #               #                  #        ####################  #                                              
-+---------------+---------------+---------------+---------------+---------------+---------------+---------------+---------------+-> time
                                                                 | avg = 360.618927 ms