## Starting benchmark

Acceptable variation: 1.001000
Measure window width: 128
Algorithm: avx2
## Running benchmark

Run 0    -- time is 49.1890 . In last 128  runs -- min 0.00    , max 49.19    -- var inf  
Run 1    -- time is 48.6810 . In last 128  runs -- min 0.00    , max 49.19    -- var inf  
Run 2    -- time is 48.6820 . In last 128  runs -- min 0.00    , max 49.19    -- var inf  
Run 3    -- time is 48.6830 . In last 128  runs -- min 0.00    , max 49.19    -- var inf  
Run 4    -- time is 48.6850 . In last 128  runs -- min 0.00    , max 49.19    -- var inf  
Run 5    -- time is 48.6740 . In last 128  runs -- min 0.00    , max 49.19    -- var inf  
Run 6    -- time is 48.6830 . In last 128  runs -- min 0.00    , max 49.19    -- var inf  
Run 7    -- time is 48.6810 . In last 128  runs -- min 0.00    , max 49.19    -- var inf  
Run 8    -- time is 48.6820 . In last 128  runs -- min 0.00    , max 49.19    -- var inf  
Run 9    -- time is 48.6800 . In last 128  runs -- min 0.00    , max 49.19    -- var inf  
Run 10   -- time is 48.6820 . In last 128  runs -- min 0.00    , max 49.19    -- var inf  
Run 11   -- time is 48.6620 . In last 128  runs -- min 0.00    , max 49.19    -- var inf  
Run 12   -- time is 48.6650 . In last 128  runs -- min 0.00    , max 49.19    -- var inf  
Run 13   -- time is 48.6850 . In last 128  runs -- min 0.00    , max 49.19    -- var inf  
Run 14   -- time is 48.6830 . In last 128  runs -- min 0.00    , max 49.19    -- var inf  
Run 15   -- time is 48.6810 . In last 128  runs -- min 0.00    , max 49.19    -- var inf  
Run 16   -- time is 48.6840 . In last 128  runs -- min 0.00    , max 49.19    -- var inf  
Run 17   -- time is 48.6850 . In last 128  runs -- min 0.00    , max 49.19    -- var inf  
Run 18   -- time is 48.6850 . In last 128  runs -- min 0.00    , max 49.19    -- var inf  
Run 19   -- time is 48.6840 . In last 128  runs -- min 0.00    , max 49.19    -- var inf  
Run 20   -- time is 48.6850 . In last 128  runs -- min 0.00    , max 49.19    -- var inf  
Run 21   -- time is 48.6830 . In last 128  runs -- min 0.00    , max 49.19    -- var inf  
Run 22   -- time is 48.6810 . In last 128  runs -- min 0.00    , max 49.19    -- var inf  
Run 23   -- time is 48.6860 . In last 128  runs -- min 0.00    , max 49.19    -- var inf  
Run 24   -- time is 48.6830 . In last 128  runs -- min 0.00    , max 49.19    -- var inf  
Run 25   -- time is 48.6890 . In last 128  runs -- min 0.00    , max 49.19    -- var inf  
Run 26   -- time is 48.6900 . In last 128  runs -- min 0.00    , max 49.19    -- var inf  
Run 27   -- time is 48.6790 . In last 128  runs -- min 0.00    , max 49.19    -- var inf  
Run 28   -- time is 48.6820 . In last 128  runs -- min 0.00    , max 49.19    -- var inf  
Run 29   -- time is 48.6840 . In last 128  runs -- min 0.00    , max 49.19    -- var inf  
Run 30   -- time is 48.6810 . In last 128  runs -- min 0.00    , max 49.19    -- var inf  
Run 31   -- time is 48.6820 . In last 128  runs -- min 0.00    , max 49.19    -- var inf  
Run 32   -- time is 48.6820 . In last 128  runs -- min 0.00    , max 49.19    -- var inf  
Run 33   -- time is 48.6830 . In last 128  runs -- min 0.00    , max 49.19    -- var inf  
Run 34   -- time is 48.6820 . In last 128  runs -- min 0.00    , max 49.19    -- var inf  
Run 35   -- time is 48.6830 . In last 128  runs -- min 0.00    , max 49.19    -- var inf  
Run 36   -- time is 48.6850 . In last 128  runs -- min 0.00    , max 49.19    -- var inf  
Run 37   -- time is 48.6830 . In last 128  runs -- min 0.00    , max 49.19    -- var inf  
Run 38   -- time is 48.6820 . In last 128  runs -- min 0.00    , max 49.19    -- var inf  
Run 39   -- time is 48.6830 . In last 128  runs -- min 0.00    , max 49.19    -- var inf  
Run 40   -- time is 48.6830 . In last 128  runs -- min 0.00    , max 49.19    -- var inf  
Run 41   -- time is 48.6830 . In last 128  runs -- min 0.00    , max 49.19    -- var inf  
Run 42   -- time is 48.6820 . In last 128  runs -- min 0.00    , max 49.19    -- var inf  
Run 43   -- time is 48.6830 . In last 128  runs -- min 0.00    , max 49.19    -- var inf  
Run 44   -- time is 48.6840 . In last 128  runs -- min 0.00    , max 49.19    -- var inf  
Run 45   -- time is 48.6840 . In last 128  runs -- min 0.00    , max 49.19    -- var inf  
Run 46   -- time is 48.6910 . In last 128  runs -- min 0.00    , max 49.19    -- var inf  
Run 47   -- time is 48.6830 . In last 128  runs -- min 0.00    , max 49.19    -- var inf  
Run 48   -- time is 48.6820 . In last 128  runs -- min 0.00    , max 49.19    -- var inf  
Run 49   -- time is 48.6820 . In last 128  runs -- min 0.00    , max 49.19    -- var inf  
Run 50   -- time is 48.6820 . In last 128  runs -- min 0.00    , max 49.19    -- var inf  
Run 51   -- time is 48.6820 . In last 128  runs -- min 0.00    , max 49.19    -- var inf  
Run 52   -- time is 48.6820 . In last 128  runs -- min 0.00    , max 49.19    -- var inf  
Run 53   -- time is 48.6820 . In last 128  runs -- min 0.00    , max 49.19    -- var inf  
Run 54   -- time is 48.6840 . In last 128  runs -- min 0.00    , max 49.19    -- var inf  
Run 55   -- time is 48.6820 . In last 128  runs -- min 0.00    , max 49.19    -- var inf  
Run 56   -- time is 48.6820 . In last 128  runs -- min 0.00    , max 49.19    -- var inf  
Run 57   -- time is 48.6850 . In last 128  runs -- min 0.00    , max 49.19    -- var inf  
Run 58   -- time is 48.6840 . In last 128  runs -- min 0.00    , max 49.19    -- var inf  
Run 59   -- time is 48.6840 . In last 128  runs -- min 0.00    , max 49.19    -- var inf  
Run 60   -- time is 48.6840 . In last 128  runs -- min 0.00    , max 49.19    -- var inf  
Run 61   -- time is 48.6840 . In last 128  runs -- min 0.00    , max 49.19    -- var inf  
Run 62   -- time is 48.6820 . In last 128  runs -- min 0.00    , max 49.19    -- var inf  
Run 63   -- time is 48.6870 . In last 128  runs -- min 0.00    , max 49.19    -- var inf  
Run 64   -- time is 48.6830 . In last 128  runs -- min 0.00    , max 49.19    -- var inf  
Run 65   -- time is 48.6850 . In last 128  runs -- min 0.00    , max 49.19    -- var inf  
Run 66   -- time is 48.6840 . In last 128  runs -- min 0.00    , max 49.19    -- var inf  
Run 67   -- time is 48.6940 . In last 128  runs -- min 0.00    , max 49.19    -- var inf  
Run 68   -- time is 48.6820 . In last 128  runs -- min 0.00    , max 49.19    -- var inf  
Run 69   -- time is 48.6840 . In last 128  runs -- min 0.00    , max 49.19    -- var inf  
Run 70   -- time is 48.6860 . In last 128  runs -- min 0.00    , max 49.19    -- var inf  
Run 71   -- time is 48.6810 . In last 128  runs -- min 0.00    , max 49.19    -- var inf  
Run 72   -- time is 48.6810 . In last 128  runs -- min 0.00    , max 49.19    -- var inf  
Run 73   -- time is 48.6820 . In last 128  runs -- min 0.00    , max 49.19    -- var inf  
Run 74   -- time is 48.6810 . In last 128  runs -- min 0.00    , max 49.19    -- var inf  
Run 75   -- time is 48.6830 . In last 128  runs -- min 0.00    , max 49.19    -- var inf  
Run 76   -- time is 48.6800 . In last 128  runs -- min 0.00    , max 49.19    -- var inf  
Run 77   -- time is 48.6840 . In last 128  runs -- min 0.00    , max 49.19    -- var inf  
Run 78   -- time is 48.6820 . In last 128  runs -- min 0.00    , max 49.19    -- var inf  
Run 79   -- time is 48.6850 . In last 128  runs -- min 0.00    , max 49.19    -- var inf  
Run 80   -- time is 48.6810 . In last 128  runs -- min 0.00    , max 49.19    -- var inf  
Run 81   -- time is 48.6830 . In last 128  runs -- min 0.00    , max 49.19    -- var inf  
Run 82   -- time is 48.6810 . In last 128  runs -- min 0.00    , max 49.19    -- var inf  
Run 83   -- time is 48.6810 . In last 128  runs -- min 0.00    , max 49.19    -- var inf  
Run 84   -- time is 48.6870 . In last 128  runs -- min 0.00    , max 49.19    -- var inf  
Run 85   -- time is 48.6820 . In last 128  runs -- min 0.00    , max 49.19    -- var inf  
Run 86   -- time is 48.6840 . In last 128  runs -- min 0.00    , max 49.19    -- var inf  
Run 87   -- time is 48.6890 . In last 128  runs -- min 0.00    , max 49.19    -- var inf  
Run 88   -- time is 48.6860 . In last 128  runs -- min 0.00    , max 49.19    -- var inf  
Run 89   -- time is 48.6790 . In last 128  runs -- min 0.00    , max 49.19    -- var inf  
Run 90   -- time is 48.6810 . In last 128  runs -- min 0.00    , max 49.19    -- var inf  
Run 91   -- time is 48.6810 . In last 128  runs -- min 0.00    , max 49.19    -- var inf  
Run 92   -- time is 48.6810 . In last 128  runs -- min 0.00    , max 49.19    -- var inf  
Run 93   -- time is 48.6820 . In last 128  runs -- min 0.00    , max 49.19    -- var inf  
Run 94   -- time is 48.6830 . In last 128  runs -- min 0.00    , max 49.19    -- var inf  
Run 95   -- time is 48.6850 . In last 128  runs -- min 0.00    , max 49.19    -- var inf  
Run 96   -- time is 48.6660 . In last 128  runs -- min 0.00    , max 49.19    -- var inf  
Run 97   -- time is 48.6830 . In last 128  runs -- min 0.00    , max 49.19    -- var inf  
Run 98   -- time is 48.6820 . In last 128  runs -- min 0.00    , max 49.19    -- var inf  
Run 99   -- time is 48.6800 . In last 128  runs -- min 0.00    , max 49.19    -- var inf  
Run 100  -- time is 48.6840 . In last 128  runs -- min 0.00    , max 49.19    -- var inf  
Run 101  -- time is 48.6830 . In last 128  runs -- min 0.00    , max 49.19    -- var inf  
Run 102  -- time is 48.6810 . In last 128  runs -- min 0.00    , max 49.19    -- var inf  
Run 103  -- time is 48.6800 . In last 128  runs -- min 0.00    , max 49.19    -- var inf  
Run 104  -- time is 48.6820 . In last 128  runs -- min 0.00    , max 49.19    -- var inf  
Run 105  -- time is 48.6650 . In last 128  runs -- min 0.00    , max 49.19    -- var inf  
Run 106  -- time is 48.6820 . In last 128  runs -- min 0.00    , max 49.19    -- var inf  
Run 107  -- time is 48.6830 . In last 128  runs -- min 0.00    , max 49.19    -- var inf  
Run 108  -- time is 48.6960 . In last 128  runs -- min 0.00    , max 49.19    -- var inf  
Run 109  -- time is 48.7440 . In last 128  runs -- min 0.00    , max 49.19    -- var inf  
Run 110  -- time is 48.6830 . In last 128  runs -- min 0.00    , max 49.19    -- var inf  
Run 111  -- time is 48.6820 . In last 128  runs -- min 0.00    , max 49.19    -- var inf  
Run 112  -- time is 48.6820 . In last 128  runs -- min 0.00    , max 49.19    -- var inf  
Run 113  -- time is 48.6820 . In last 128  runs -- min 0.00    , max 49.19    -- var inf  
Run 114  -- time is 48.6820 . In last 128  runs -- min 0.00    , max 49.19    -- var inf  
Run 115  -- time is 48.6800 . In last 128  runs -- min 0.00    , max 49.19    -- var inf  
Run 116  -- time is 48.6810 . In last 128  runs -- min 0.00    , max 49.19    -- var inf  
Run 117  -- time is 48.6820 . In last 128  runs -- min 0.00    , max 49.19    -- var inf  
Run 118  -- time is 48.6830 . In last 128  runs -- min 0.00    , max 49.19    -- var inf  
Run 119  -- time is 48.6780 . In last 128  runs -- min 0.00    , max 49.19    -- var inf  
Run 120  -- time is 48.6830 . In last 128  runs -- min 0.00    , max 49.19    -- var inf  
Run 121  -- time is 48.6850 . In last 128  runs -- min 0.00    , max 49.19    -- var inf  
Run 122  -- time is 48.6810 . In last 128  runs -- min 0.00    , max 49.19    -- var inf  
Run 123  -- time is 48.6650 . In last 128  runs -- min 0.00    , max 49.19    -- var inf  
Run 124  -- time is 48.6830 . In last 128  runs -- min 0.00    , max 49.19    -- var inf  
Run 125  -- time is 48.6870 . In last 128  runs -- min 0.00    , max 49.19    -- var inf  
Run 126  -- time is 48.6810 . In last 128  runs -- min 0.00    , max 49.19    -- var inf  
Run 127  -- time is 48.6810 . In last 128  runs -- min 48.66   , max 49.19    -- var 1.0108
Run 128  -- time is 48.6940 . In last 128  runs -- min 48.66   , max 48.74    -- var 1.0017
Run 129  -- time is 48.6850 . In last 128  runs -- min 48.66   , max 48.74    -- var 1.0017
Run 130  -- time is 48.6840 . In last 128  runs -- min 48.66   , max 48.74    -- var 1.0017
Run 131  -- time is 48.6840 . In last 128  runs -- min 48.66   , max 48.74    -- var 1.0017
Run 132  -- time is 48.6750 . In last 128  runs -- min 48.66   , max 48.74    -- var 1.0017
Run 133  -- time is 48.6850 . In last 128  runs -- min 48.66   , max 48.74    -- var 1.0017
Run 134  -- time is 48.6860 . In last 128  runs -- min 48.66   , max 48.74    -- var 1.0017
Run 135  -- time is 48.6640 . In last 128  runs -- min 48.66   , max 48.74    -- var 1.0017
Run 136  -- time is 48.6820 . In last 128  runs -- min 48.66   , max 48.74    -- var 1.0017
Run 137  -- time is 48.6860 . In last 128  runs -- min 48.66   , max 48.74    -- var 1.0017
Run 138  -- time is 48.6810 . In last 128  runs -- min 48.66   , max 48.74    -- var 1.0017
Run 139  -- time is 48.6840 . In last 128  runs -- min 48.66   , max 48.74    -- var 1.0016
Run 140  -- time is 48.6810 . In last 128  runs -- min 48.66   , max 48.74    -- var 1.0016
Run 141  -- time is 48.6830 . In last 128  runs -- min 48.66   , max 48.74    -- var 1.0016
Run 142  -- time is 48.6850 . In last 128  runs -- min 48.66   , max 48.74    -- var 1.0016
Run 143  -- time is 48.6850 . In last 128  runs -- min 48.66   , max 48.74    -- var 1.0016
Run 144  -- time is 48.6830 . In last 128  runs -- min 48.66   , max 48.74    -- var 1.0016
Run 145  -- time is 48.6820 . In last 128  runs -- min 48.66   , max 48.74    -- var 1.0016
Run 146  -- time is 48.6840 . In last 128  runs -- min 48.66   , max 48.74    -- var 1.0016
Run 147  -- time is 48.6840 . In last 128  runs -- min 48.66   , max 48.74    -- var 1.0016
Run 148  -- time is 48.6820 . In last 128  runs -- min 48.66   , max 48.74    -- var 1.0016
Run 149  -- time is 48.6900 . In last 128  runs -- min 48.66   , max 48.74    -- var 1.0016
Run 150  -- time is 48.6810 . In last 128  runs -- min 48.66   , max 48.74    -- var 1.0016
Run 151  -- time is 48.6860 . In last 128  runs -- min 48.66   , max 48.74    -- var 1.0016
Run 152  -- time is 48.6850 . In last 128  runs -- min 48.66   , max 48.74    -- var 1.0016
Run 153  -- time is 48.6800 . In last 128  runs -- min 48.66   , max 48.74    -- var 1.0016
Run 154  -- time is 48.6810 . In last 128  runs -- min 48.66   , max 48.74    -- var 1.0016
Run 155  -- time is 48.6820 . In last 128  runs -- min 48.66   , max 48.74    -- var 1.0016
Run 156  -- time is 48.6820 . In last 128  runs -- min 48.66   , max 48.74    -- var 1.0016
Run 157  -- time is 48.6840 . In last 128  runs -- min 48.66   , max 48.74    -- var 1.0016
Run 158  -- time is 48.6820 . In last 128  runs -- min 48.66   , max 48.74    -- var 1.0016
Run 159  -- time is 48.6820 . In last 128  runs -- min 48.66   , max 48.74    -- var 1.0016
Run 160  -- time is 48.6810 . In last 128  runs -- min 48.66   , max 48.74    -- var 1.0016
Run 161  -- time is 48.6800 . In last 128  runs -- min 48.66   , max 48.74    -- var 1.0016
Run 162  -- time is 48.6820 . In last 128  runs -- min 48.66   , max 48.74    -- var 1.0016
Run 163  -- time is 48.6840 . In last 128  runs -- min 48.66   , max 48.74    -- var 1.0016
Run 164  -- time is 48.6830 . In last 128  runs -- min 48.66   , max 48.74    -- var 1.0016
Run 165  -- time is 48.6810 . In last 128  runs -- min 48.66   , max 48.74    -- var 1.0016
Run 166  -- time is 48.6810 . In last 128  runs -- min 48.66   , max 48.74    -- var 1.0016
Run 167  -- time is 48.6840 . In last 128  runs -- min 48.66   , max 48.74    -- var 1.0016
Run 168  -- time is 48.6850 . In last 128  runs -- min 48.66   , max 48.74    -- var 1.0016
Run 169  -- time is 48.6910 . In last 128  runs -- min 48.66   , max 48.74    -- var 1.0016
Run 170  -- time is 48.6880 . In last 128  runs -- min 48.66   , max 48.74    -- var 1.0016
Run 171  -- time is 48.6820 . In last 128  runs -- min 48.66   , max 48.74    -- var 1.0016
Run 172  -- time is 48.6810 . In last 128  runs -- min 48.66   , max 48.74    -- var 1.0016
Run 173  -- time is 48.6830 . In last 128  runs -- min 48.66   , max 48.74    -- var 1.0016
Run 174  -- time is 48.6830 . In last 128  runs -- min 48.66   , max 48.74    -- var 1.0016
Run 175  -- time is 48.6820 . In last 128  runs -- min 48.66   , max 48.74    -- var 1.0016
Run 176  -- time is 48.6830 . In last 128  runs -- min 48.66   , max 48.74    -- var 1.0016
Run 177  -- time is 48.6840 . In last 128  runs -- min 48.66   , max 48.74    -- var 1.0016
Run 178  -- time is 48.6850 . In last 128  runs -- min 48.66   , max 48.74    -- var 1.0016
Run 179  -- time is 48.6810 . In last 128  runs -- min 48.66   , max 48.74    -- var 1.0016
Run 180  -- time is 48.6830 . In last 128  runs -- min 48.66   , max 48.74    -- var 1.0016
Run 181  -- time is 48.6810 . In last 128  runs -- min 48.66   , max 48.74    -- var 1.0016
Run 182  -- time is 48.6830 . In last 128  runs -- min 48.66   , max 48.74    -- var 1.0016
Run 183  -- time is 48.6840 . In last 128  runs -- min 48.66   , max 48.74    -- var 1.0016
Run 184  -- time is 48.6820 . In last 128  runs -- min 48.66   , max 48.74    -- var 1.0016
Run 185  -- time is 48.6820 . In last 128  runs -- min 48.66   , max 48.74    -- var 1.0016
Run 186  -- time is 48.6820 . In last 128  runs -- min 48.66   , max 48.74    -- var 1.0016
Run 187  -- time is 48.6840 . In last 128  runs -- min 48.66   , max 48.74    -- var 1.0016
Run 188  -- time is 48.6840 . In last 128  runs -- min 48.66   , max 48.74    -- var 1.0016
Run 189  -- time is 48.6840 . In last 128  runs -- min 48.66   , max 48.74    -- var 1.0016
Run 190  -- time is 48.6800 . In last 128  runs -- min 48.66   , max 48.74    -- var 1.0016
Run 191  -- time is 48.6650 . In last 128  runs -- min 48.66   , max 48.74    -- var 1.0016
Run 192  -- time is 48.6820 . In last 128  runs -- min 48.66   , max 48.74    -- var 1.0016
Run 193  -- time is 48.6820 . In last 128  runs -- min 48.66   , max 48.74    -- var 1.0016
Run 194  -- time is 48.6840 . In last 128  runs -- min 48.66   , max 48.74    -- var 1.0016
Run 195  -- time is 48.6810 . In last 128  runs -- min 48.66   , max 48.74    -- var 1.0016
Run 196  -- time is 48.6810 . In last 128  runs -- min 48.66   , max 48.74    -- var 1.0016
Run 197  -- time is 48.6820 . In last 128  runs -- min 48.66   , max 48.74    -- var 1.0016
Run 198  -- time is 48.6830 . In last 128  runs -- min 48.66   , max 48.74    -- var 1.0016
Run 199  -- time is 48.6830 . In last 128  runs -- min 48.66   , max 48.74    -- var 1.0016
Run 200  -- time is 48.6860 . In last 128  runs -- min 48.66   , max 48.74    -- var 1.0016
Run 201  -- time is 48.6840 . In last 128  runs -- min 48.66   , max 48.74    -- var 1.0016
Run 202  -- time is 48.6820 . In last 128  runs -- min 48.66   , max 48.74    -- var 1.0016
Run 203  -- time is 48.6630 . In last 128  runs -- min 48.66   , max 48.74    -- var 1.0017
Run 204  -- time is 48.6810 . In last 128  runs -- min 48.66   , max 48.74    -- var 1.0017
Run 205  -- time is 48.6880 . In last 128  runs -- min 48.66   , max 48.74    -- var 1.0017
Run 206  -- time is 48.6810 . In last 128  runs -- min 48.66   , max 48.74    -- var 1.0017
Run 207  -- time is 48.6820 . In last 128  runs -- min 48.66   , max 48.74    -- var 1.0017
Run 208  -- time is 48.6840 . In last 128  runs -- min 48.66   , max 48.74    -- var 1.0017
Run 209  -- time is 48.6820 . In last 128  runs -- min 48.66   , max 48.74    -- var 1.0017
Run 210  -- time is 48.6930 . In last 128  runs -- min 48.66   , max 48.74    -- var 1.0017
Run 211  -- time is 48.6820 . In last 128  runs -- min 48.66   , max 48.74    -- var 1.0017
Run 212  -- time is 48.6800 . In last 128  runs -- min 48.66   , max 48.74    -- var 1.0017
Run 213  -- time is 48.6820 . In last 128  runs -- min 48.66   , max 48.74    -- var 1.0017
Run 214  -- time is 48.6800 . In last 128  runs -- min 48.66   , max 48.74    -- var 1.0017
Run 215  -- time is 48.6840 . In last 128  runs -- min 48.66   , max 48.74    -- var 1.0017
Run 216  -- time is 48.6830 . In last 128  runs -- min 48.66   , max 48.74    -- var 1.0017
Run 217  -- time is 48.6830 . In last 128  runs -- min 48.66   , max 48.74    -- var 1.0017
Run 218  -- time is 48.6850 . In last 128  runs -- min 48.66   , max 48.74    -- var 1.0017
Run 219  -- time is 48.6840 . In last 128  runs -- min 48.66   , max 48.74    -- var 1.0017
Run 220  -- time is 48.6820 . In last 128  runs -- min 48.66   , max 48.74    -- var 1.0017
Run 221  -- time is 48.6810 . In last 128  runs -- min 48.66   , max 48.74    -- var 1.0017
Run 222  -- time is 48.6850 . In last 128  runs -- min 48.66   , max 48.74    -- var 1.0017
Run 223  -- time is 48.6830 . In last 128  runs -- min 48.66   , max 48.74    -- var 1.0017
Run 224  -- time is 48.6800 . In last 128  runs -- min 48.66   , max 48.74    -- var 1.0017
Run 225  -- time is 48.6840 . In last 128  runs -- min 48.66   , max 48.74    -- var 1.0017
Run 226  -- time is 48.6850 . In last 128  runs -- min 48.66   , max 48.74    -- var 1.0017
Run 227  -- time is 48.6850 . In last 128  runs -- min 48.66   , max 48.74    -- var 1.0017
Run 228  -- time is 48.6810 . In last 128  runs -- min 48.66   , max 48.74    -- var 1.0017
Run 229  -- time is 48.6820 . In last 128  runs -- min 48.66   , max 48.74    -- var 1.0017
Run 230  -- time is 48.6840 . In last 128  runs -- min 48.66   , max 48.74    -- var 1.0017
Run 231  -- time is 48.6900 . In last 128  runs -- min 48.66   , max 48.74    -- var 1.0017
Run 232  -- time is 48.6820 . In last 128  runs -- min 48.66   , max 48.74    -- var 1.0017
Run 233  -- time is 48.6810 . In last 128  runs -- min 48.66   , max 48.74    -- var 1.0017
Run 234  -- time is 48.6830 . In last 128  runs -- min 48.66   , max 48.74    -- var 1.0017
Run 235  -- time is 48.6820 . In last 128  runs -- min 48.66   , max 48.74    -- var 1.0017
Run 236  -- time is 48.6810 . In last 128  runs -- min 48.66   , max 48.74    -- var 1.0017
Run 237  -- time is 48.6810 . In last 128  runs -- min 48.66   , max 48.69    -- var 1.0006
The thing is stable enough


## Benchmark results:

Done 110 warmup runs and 128 measurment runs
Time avg 48.682476 ms, std dev 0.004142 ms
With ðœŽ (68% probability) time is 48.682476 Â± 0.004142 ms
With 3ðœŽ (99.73% probability) time is 48.682476 Â± 0.012425 ms
Warn: Run 8 has distance to center 4.460533ðœŽ
Warn: Run 64 has distance to center 4.220145ðœŽ
Warn: Run 76 has distance to center 4.701842ðœŽ
Warn: Run 124 has distance to center 4.220145ðœŽ
Have 4 outliers
Non-outlier runs are withn 2.782ðœŽ, outliers (>3ðœŽ) are withn 4.702ðœŽ
Warn: Some values are out 3ðœŽ, but there are a few of them

Distribution plot:
One tick = one std. dev = 0.004142 ms

                                                                #                                                                  
                                                            #   #                                                                  
                                                            #   #   #   #                                                          
                                                            #   #   #   #                                                          
                                                            #   #   #   #   #                                                      
                                                        #   #   #   #   #   #                                                      
                                     #           #      #   #   #   #   #   #   #  #   #       #   #       #   #                   
-+---------------+---------------+---------------+---------------+---------------+---------------+---------------+---------------+-> time
                                                                 | avg = 48.682476 ms