## Starting benchmark

Acceptable variation: 1.001000
Measure window width: 128
Algorithm: simple
## Running benchmark

Run 0    -- time is 361.3330. In last 128  runs -- min 0.00    , max 361.33   -- var inf  
Run 1    -- time is 360.9260. In last 128  runs -- min 0.00    , max 361.33   -- var inf  
Run 2    -- time is 360.9340. In last 128  runs -- min 0.00    , max 361.33   -- var inf  
Run 3    -- time is 360.9270. In last 128  runs -- min 0.00    , max 361.33   -- var inf  
Run 4    -- time is 360.9190. In last 128  runs -- min 0.00    , max 361.33   -- var inf  
Run 5    -- time is 360.9300. In last 128  runs -- min 0.00    , max 361.33   -- var inf  
Run 6    -- time is 360.9210. In last 128  runs -- min 0.00    , max 361.33   -- var inf  
Run 7    -- time is 360.9280. In last 128  runs -- min 0.00    , max 361.33   -- var inf  
Run 8    -- time is 360.8190. In last 128  runs -- min 0.00    , max 361.33   -- var inf  
Run 9    -- time is 360.9240. In last 128  runs -- min 0.00    , max 361.33   -- var inf  
Run 10   -- time is 360.9130. In last 128  runs -- min 0.00    , max 361.33   -- var inf  
Run 11   -- time is 360.9170. In last 128  runs -- min 0.00    , max 361.33   -- var inf  
Run 12   -- time is 360.9200. In last 128  runs -- min 0.00    , max 361.33   -- var inf  
Run 13   -- time is 360.9310. In last 128  runs -- min 0.00    , max 361.33   -- var inf  
Run 14   -- time is 360.9210. In last 128  runs -- min 0.00    , max 361.33   -- var inf  
Run 15   -- time is 360.9250. In last 128  runs -- min 0.00    , max 361.33   -- var inf  
Run 16   -- time is 360.9150. In last 128  runs -- min 0.00    , max 361.33   -- var inf  
Run 17   -- time is 360.9240. In last 128  runs -- min 0.00    , max 361.33   -- var inf  
Run 18   -- time is 360.9130. In last 128  runs -- min 0.00    , max 361.33   -- var inf  
Run 19   -- time is 360.9250. In last 128  runs -- min 0.00    , max 361.33   -- var inf  
Run 20   -- time is 360.9250. In last 128  runs -- min 0.00    , max 361.33   -- var inf  
Run 21   -- time is 360.9370. In last 128  runs -- min 0.00    , max 361.33   -- var inf  
Run 22   -- time is 360.9230. In last 128  runs -- min 0.00    , max 361.33   -- var inf  
Run 23   -- time is 360.9150. In last 128  runs -- min 0.00    , max 361.33   -- var inf  
Run 24   -- time is 360.9240. In last 128  runs -- min 0.00    , max 361.33   -- var inf  
Run 25   -- time is 360.8260. In last 128  runs -- min 0.00    , max 361.33   -- var inf  
Run 26   -- time is 360.9260. In last 128  runs -- min 0.00    , max 361.33   -- var inf  
Run 27   -- time is 360.9200. In last 128  runs -- min 0.00    , max 361.33   -- var inf  
Run 28   -- time is 360.9280. In last 128  runs -- min 0.00    , max 361.33   -- var inf  
Run 29   -- time is 360.9400. In last 128  runs -- min 0.00    , max 361.33   -- var inf  
Run 30   -- time is 360.9340. In last 128  runs -- min 0.00    , max 361.33   -- var inf  
Run 31   -- time is 360.9220. In last 128  runs -- min 0.00    , max 361.33   -- var inf  
Run 32   -- time is 360.9250. In last 128  runs -- min 0.00    , max 361.33   -- var inf  
Run 33   -- time is 360.9210. In last 128  runs -- min 0.00    , max 361.33   -- var inf  
Run 34   -- time is 360.9150. In last 128  runs -- min 0.00    , max 361.33   -- var inf  
Run 35   -- time is 360.9260. In last 128  runs -- min 0.00    , max 361.33   -- var inf  
Run 36   -- time is 360.9160. In last 128  runs -- min 0.00    , max 361.33   -- var inf  
Run 37   -- time is 360.9190. In last 128  runs -- min 0.00    , max 361.33   -- var inf  
Run 38   -- time is 360.9200. In last 128  runs -- min 0.00    , max 361.33   -- var inf  
Run 39   -- time is 360.9270. In last 128  runs -- min 0.00    , max 361.33   -- var inf  
Run 40   -- time is 360.9320. In last 128  runs -- min 0.00    , max 361.33   -- var inf  
Run 41   -- time is 360.9210. In last 128  runs -- min 0.00    , max 361.33   -- var inf  
Run 42   -- time is 360.9350. In last 128  runs -- min 0.00    , max 361.33   -- var inf  
Run 43   -- time is 360.9250. In last 128  runs -- min 0.00    , max 361.33   -- var inf  
Run 44   -- time is 360.9290. In last 128  runs -- min 0.00    , max 361.33   -- var inf  
Run 45   -- time is 360.9060. In last 128  runs -- min 0.00    , max 361.33   -- var inf  
Run 46   -- time is 360.9210. In last 128  runs -- min 0.00    , max 361.33   -- var inf  
Run 47   -- time is 360.9220. In last 128  runs -- min 0.00    , max 361.33   -- var inf  
Run 48   -- time is 360.9300. In last 128  runs -- min 0.00    , max 361.33   -- var inf  
Run 49   -- time is 360.9170. In last 128  runs -- min 0.00    , max 361.33   -- var inf  
Run 50   -- time is 360.9130. In last 128  runs -- min 0.00    , max 361.33   -- var inf  
Run 51   -- time is 360.9290. In last 128  runs -- min 0.00    , max 361.33   -- var inf  
Run 52   -- time is 360.9310. In last 128  runs -- min 0.00    , max 361.33   -- var inf  
Run 53   -- time is 360.8540. In last 128  runs -- min 0.00    , max 361.33   -- var inf  
Run 54   -- time is 360.9180. In last 128  runs -- min 0.00    , max 361.33   -- var inf  
Run 55   -- time is 360.9240. In last 128  runs -- min 0.00    , max 361.33   -- var inf  
Run 56   -- time is 360.9310. In last 128  runs -- min 0.00    , max 361.33   -- var inf  
Run 57   -- time is 360.9210. In last 128  runs -- min 0.00    , max 361.33   -- var inf  
Run 58   -- time is 360.9320. In last 128  runs -- min 0.00    , max 361.33   -- var inf  
Run 59   -- time is 360.9230. In last 128  runs -- min 0.00    , max 361.33   -- var inf  
Run 60   -- time is 360.9140. In last 128  runs -- min 0.00    , max 361.33   -- var inf  
Run 61   -- time is 360.9140. In last 128  runs -- min 0.00    , max 361.33   -- var inf  
Run 62   -- time is 360.9210. In last 128  runs -- min 0.00    , max 361.33   -- var inf  
Run 63   -- time is 360.9170. In last 128  runs -- min 0.00    , max 361.33   -- var inf  
Run 64   -- time is 360.9250. In last 128  runs -- min 0.00    , max 361.33   -- var inf  
Run 65   -- time is 360.9180. In last 128  runs -- min 0.00    , max 361.33   -- var inf  
Run 66   -- time is 360.9260. In last 128  runs -- min 0.00    , max 361.33   -- var inf  
Run 67   -- time is 360.9330. In last 128  runs -- min 0.00    , max 361.33   -- var inf  
Run 68   -- time is 360.9220. In last 128  runs -- min 0.00    , max 361.33   -- var inf  
Run 69   -- time is 360.9120. In last 128  runs -- min 0.00    , max 361.33   -- var inf  
Run 70   -- time is 360.8550. In last 128  runs -- min 0.00    , max 361.33   -- var inf  
Run 71   -- time is 360.9180. In last 128  runs -- min 0.00    , max 361.33   -- var inf  
Run 72   -- time is 360.9150. In last 128  runs -- min 0.00    , max 361.33   -- var inf  
Run 73   -- time is 360.9230. In last 128  runs -- min 0.00    , max 361.33   -- var inf  
Run 74   -- time is 360.9180. In last 128  runs -- min 0.00    , max 361.33   -- var inf  
Run 75   -- time is 360.9220. In last 128  runs -- min 0.00    , max 361.33   -- var inf  
Run 76   -- time is 360.9320. In last 128  runs -- min 0.00    , max 361.33   -- var inf  
Run 77   -- time is 360.9160. In last 128  runs -- min 0.00    , max 361.33   -- var inf  
Run 78   -- time is 360.9220. In last 128  runs -- min 0.00    , max 361.33   -- var inf  
Run 79   -- time is 360.9240. In last 128  runs -- min 0.00    , max 361.33   -- var inf  
Run 80   -- time is 360.9230. In last 128  runs -- min 0.00    , max 361.33   -- var inf  
Run 81   -- time is 360.9360. In last 128  runs -- min 0.00    , max 361.33   -- var inf  
Run 82   -- time is 360.9160. In last 128  runs -- min 0.00    , max 361.33   -- var inf  
Run 83   -- time is 360.9180. In last 128  runs -- min 0.00    , max 361.33   -- var inf  
Run 84   -- time is 360.9190. In last 128  runs -- min 0.00    , max 361.33   -- var inf  
Run 85   -- time is 360.9270. In last 128  runs -- min 0.00    , max 361.33   -- var inf  
Run 86   -- time is 360.9260. In last 128  runs -- min 0.00    , max 361.33   -- var inf  
Run 87   -- time is 360.8550. In last 128  runs -- min 0.00    , max 361.33   -- var inf  
Run 88   -- time is 360.9380. In last 128  runs -- min 0.00    , max 361.33   -- var inf  
Run 89   -- time is 360.9230. In last 128  runs -- min 0.00    , max 361.33   -- var inf  
Run 90   -- time is 360.9290. In last 128  runs -- min 0.00    , max 361.33   -- var inf  
Run 91   -- time is 360.9170. In last 128  runs -- min 0.00    , max 361.33   -- var inf  
Run 92   -- time is 360.9170. In last 128  runs -- min 0.00    , max 361.33   -- var inf  
Run 93   -- time is 360.9250. In last 128  runs -- min 0.00    , max 361.33   -- var inf  
Run 94   -- time is 360.9190. In last 128  runs -- min 0.00    , max 361.33   -- var inf  
Run 95   -- time is 360.9190. In last 128  runs -- min 0.00    , max 361.33   -- var inf  
Run 96   -- time is 360.9150. In last 128  runs -- min 0.00    , max 361.33   -- var inf  
Run 97   -- time is 360.9250. In last 128  runs -- min 0.00    , max 361.33   -- var inf  
Run 98   -- time is 360.9180. In last 128  runs -- min 0.00    , max 361.33   -- var inf  
Run 99   -- time is 360.9180. In last 128  runs -- min 0.00    , max 361.33   -- var inf  
Run 100  -- time is 360.9240. In last 128  runs -- min 0.00    , max 361.33   -- var inf  
Run 101  -- time is 360.9250. In last 128  runs -- min 0.00    , max 361.33   -- var inf  
Run 102  -- time is 360.9210. In last 128  runs -- min 0.00    , max 361.33   -- var inf  
Run 103  -- time is 360.9180. In last 128  runs -- min 0.00    , max 361.33   -- var inf  
Run 104  -- time is 360.8490. In last 128  runs -- min 0.00    , max 361.33   -- var inf  
Run 105  -- time is 360.9120. In last 128  runs -- min 0.00    , max 361.33   -- var inf  
Run 106  -- time is 360.9200. In last 128  runs -- min 0.00    , max 361.33   -- var inf  
Run 107  -- time is 360.9290. In last 128  runs -- min 0.00    , max 361.33   -- var inf  
Run 108  -- time is 360.9220. In last 128  runs -- min 0.00    , max 361.33   -- var inf  
Run 109  -- time is 360.9210. In last 128  runs -- min 0.00    , max 361.33   -- var inf  
Run 110  -- time is 360.9220. In last 128  runs -- min 0.00    , max 361.33   -- var inf  
Run 111  -- time is 360.9180. In last 128  runs -- min 0.00    , max 361.33   -- var inf  
Run 112  -- time is 360.9240. In last 128  runs -- min 0.00    , max 361.33   -- var inf  
Run 113  -- time is 360.9310. In last 128  runs -- min 0.00    , max 361.33   -- var inf  
Run 114  -- time is 360.9180. In last 128  runs -- min 0.00    , max 361.33   -- var inf  
Run 115  -- time is 360.9210. In last 128  runs -- min 0.00    , max 361.33   -- var inf  
Run 116  -- time is 360.9180. In last 128  runs -- min 0.00    , max 361.33   -- var inf  
Run 117  -- time is 360.9240. In last 128  runs -- min 0.00    , max 361.33   -- var inf  
Run 118  -- time is 360.9250. In last 128  runs -- min 0.00    , max 361.33   -- var inf  
Run 119  -- time is 360.9240. In last 128  runs -- min 0.00    , max 361.33   -- var inf  
Run 120  -- time is 360.9210. In last 128  runs -- min 0.00    , max 361.33   -- var inf  
Run 121  -- time is 360.9280. In last 128  runs -- min 0.00    , max 361.33   -- var inf  
Run 122  -- time is 360.9180. In last 128  runs -- min 0.00    , max 361.33   -- var inf  
Run 123  -- time is 360.9270. In last 128  runs -- min 0.00    , max 361.33   -- var inf  
Run 124  -- time is 360.9200. In last 128  runs -- min 0.00    , max 361.33   -- var inf  
Run 125  -- time is 360.9170. In last 128  runs -- min 0.00    , max 361.33   -- var inf  
Run 126  -- time is 360.9240. In last 128  runs -- min 0.00    , max 361.33   -- var inf  
Run 127  -- time is 360.8170. In last 128  runs -- min 360.82  , max 361.33   -- var 1.0014
Run 128  -- time is 360.9160. In last 128  runs -- min 360.82  , max 360.94   -- var 1.0003
The thing is stable enough


## Benchmark results:

Done 1 warmup runs and 128 measurment runs
Time avg 360.918243 ms, std dev 0.020240 ms
With ðœŽ (68% probability) time is 360.918243 Â± 0.020240 ms
With 3ðœŽ (99.73% probability) time is 360.918243 Â± 0.060721 ms
Warn: Run 9 has distance to center 4.903207ðœŽ
Warn: Run 26 has distance to center 4.557932ðœŽ
Warn: Run 54 has distance to center 3.173816ðœŽ
Warn: Run 71 has distance to center 3.124061ðœŽ
Warn: Run 88 has distance to center 3.124061ðœŽ
Warn: Run 105 has distance to center 3.421088ðœŽ
Warn: Run 128 has distance to center 5.002718ðœŽ
Have 7 outliers
Non-outlier runs are withn 1.075ðœŽ, outliers (>3ðœŽ) are withn 5.003ðœŽ
Err: > 5% of values are out of 3ðœŽ, measurement failed

Distribution plot:
One tick = one std. dev = 0.020240 ms

                                                                       #                                                           
                                                                       #                                                           
                                                                  #    #                                                           
                                                                  ###  #                                                           
                                                               # ##### #   #                                                       
                                                              #################                                                    
           #   ##                                       #    #######################                                               
-+---------------+---------------+---------------+---------------+---------------+---------------+---------------+---------------+-> time
                                                                 | avg = 360.918243 ms